==1822== Memcheck, a memory error detector
==1822== Copyright (C) 2002-2017, and GNU GPL'd, by Julian Seward et al.
==1822== Using Valgrind-3.13.0 and LibVEX; rerun with -h for copyright info
==1822== Command: ./mysh -c pwd\ |\ (ls\ -alh\ /)\ |\ (pwd|pwd)\ |\ {pwd;pwd}\ |\ {{pwd|pwd};pwd}\ |\ 2\>&1\ \>/dev/null\ ls\ .\ fdsfsa\ |\ \>a\ pwd\ |\ \>\>b\ pwd\ |\ (pwd\ &)\ |\ cd\ /\ |\ exit\ 31
==1822== Parent PID: 1720
==1822== 
==1822== error calling PR_SET_PTRACER, vgdb might block
==1823== 
==1823== HEAP SUMMARY:
==1823==     in use at exit: 4,072 bytes in 89 blocks
==1823==   total heap usage: 107 allocs, 18 frees, 4,652 bytes allocated
==1823== 
==1823== LEAK SUMMARY:
==1823==    definitely lost: 0 bytes in 0 blocks
==1823==    indirectly lost: 0 bytes in 0 blocks
==1823==      possibly lost: 0 bytes in 0 blocks
==1823==    still reachable: 4,072 bytes in 89 blocks
==1823==         suppressed: 0 bytes in 0 blocks
==1823== Rerun with --leak-check=full to see details of leaked memory
==1823== 
==1823== For counts of detected and suppressed errors, rerun with: -v
==1823== ERROR SUMMARY: 0 errors from 0 contexts (suppressed: 0 from 0)
==1826== 
==1826== HEAP SUMMARY:
==1826==     in use at exit: 4,072 bytes in 89 blocks
==1826==   total heap usage: 107 allocs, 18 frees, 4,652 bytes allocated
==1826== 
==1826== LEAK SUMMARY:
==1826==    definitely lost: 0 bytes in 0 blocks
==1826==    indirectly lost: 0 bytes in 0 blocks
==1826==      possibly lost: 0 bytes in 0 blocks
==1826==    still reachable: 4,072 bytes in 89 blocks
==1826==         suppressed: 0 bytes in 0 blocks
==1826== Rerun with --leak-check=full to see details of leaked memory
==1826== 
==1826== For counts of detected and suppressed errors, rerun with: -v
==1826== ERROR SUMMARY: 0 errors from 0 contexts (suppressed: 0 from 0)
==1824== 
==1824== HEAP SUMMARY:
==1824==     in use at exit: 4,072 bytes in 89 blocks
==1824==   total heap usage: 107 allocs, 18 frees, 4,652 bytes allocated
==1824== 
==1824== LEAK SUMMARY:
==1824==    definitely lost: 0 bytes in 0 blocks
==1824==    indirectly lost: 0 bytes in 0 blocks
==1824==      possibly lost: 0 bytes in 0 blocks
==1824==    still reachable: 4,072 bytes in 89 blocks
==1824==         suppressed: 0 bytes in 0 blocks
==1824== Rerun with --leak-check=full to see details of leaked memory
==1824== 
==1824== For counts of detected and suppressed errors, rerun with: -v
==1824== ERROR SUMMARY: 0 errors from 0 contexts (suppressed: 0 from 0)
==1822== 
==1822== HEAP SUMMARY:
==1822==     in use at exit: 8 bytes in 1 blocks
==1822==   total heap usage: 107 allocs, 106 frees, 4,652 bytes allocated
==1822== 
==1822== LEAK SUMMARY:
==1822==    definitely lost: 0 bytes in 0 blocks
==1822==    indirectly lost: 0 bytes in 0 blocks
==1822==      possibly lost: 0 bytes in 0 blocks
==1822==    still reachable: 8 bytes in 1 blocks
==1822==         suppressed: 0 bytes in 0 blocks
==1822== Rerun with --leak-check=full to see details of leaked memory
==1822== 
==1822== For counts of detected and suppressed errors, rerun with: -v
==1822== ERROR SUMMARY: 0 errors from 0 contexts (suppressed: 0 from 0)
